<?xml version="1.0" encoding="UTF-8"?>
<coverage generated="1715112554649" clover="3.2.0">
  <project timestamp="1715112554649" name="All files">
    <metrics statements="14" coveredstatements="14" conditionals="4" coveredconditionals="2" methods="8" coveredmethods="8" elements="26" coveredelements="24" complexity="0" loc="14" ncloc="14" packages="2" files="2" classes="2"/>
    <package name="components.counter">
      <metrics statements="8" coveredstatements="8" conditionals="4" coveredconditionals="2" methods="5" coveredmethods="5"/>
      <file name="Counter.tsx" path="/Users/denis/Dokumenty/Learning/2022/react/template/react-template/src/components/counter/Counter.tsx">
        <metrics statements="8" coveredstatements="8" conditionals="4" coveredconditionals="2" methods="5" coveredmethods="5"/>
        <line num="7" count="1" type="stmt"/>
        <line num="9" count="14" type="cond" truecount="1" falsecount="1"/>
        <line num="10" count="14" type="cond" truecount="1" falsecount="1"/>
        <line num="19" count="1" type="stmt"/>
        <line num="20" count="7" type="stmt"/>
        <line num="22" count="7" type="stmt"/>
        <line num="25" count="1" type="stmt"/>
        <line num="28" count="1" type="stmt"/>
      </file>
    </package>
    <package name="store">
      <metrics statements="6" coveredstatements="6" conditionals="0" coveredconditionals="0" methods="3" coveredmethods="3"/>
      <file name="counter.tsx" path="/Users/denis/Dokumenty/Learning/2022/react/template/react-template/src/store/counter.tsx">
        <metrics statements="6" coveredstatements="6" conditionals="0" coveredconditionals="0" methods="3" coveredmethods="3"/>
        <line num="4" count="1" type="stmt"/>
        <line num="7" count="1" type="stmt"/>
        <line num="10" count="1" type="stmt"/>
        <line num="11" count="1" type="stmt"/>
        <line num="14" count="1" type="stmt"/>
        <line num="15" count="1" type="stmt"/>
      </file>
    </package>
  </project>
</coverage>
