{"/Users/denis/Dokumenty/Learning/2022/react/template/react-template/src/components/counter/Counter.tsx": {"path":"/Users/denis/Dokumenty/Learning/2022/react/template/react-template/src/components/counter/Counter.tsx","statementMap":{"0":{"start":{"line":7,"column":15},"end":{"line":17,"column":1}},"1":{"start":{"line":9,"column":28},"end":{"line":9,"column":64}},"2":{"start":{"line":10,"column":23},"end":{"line":10,"column":59}},"3":{"start":{"line":19,"column":26},"end":{"line":33,"column":2}},"4":{"start":{"line":20,"column":42},"end":{"line":20,"column":54}},"5":{"start":{"line":22,"column":2},"end":{"line":32,"column":4}},"6":{"start":{"line":25,"column":38},"end":{"line":25,"column":49}},"7":{"start":{"line":28,"column":38},"end":{"line":28,"column":49}}},"fnMap":{"0":{"name":"(anonymous_0)","decl":{"start":{"line":9,"column":16},"end":{"line":9,"column":17}},"loc":{"start":{"line":9,"column":28},"end":{"line":9,"column":64}},"line":9},"1":{"name":"(anonymous_1)","decl":{"start":{"line":10,"column":11},"end":{"line":10,"column":12}},"loc":{"start":{"line":10,"column":23},"end":{"line":10,"column":59}},"line":10},"2":{"name":"(anonymous_2)","decl":{"start":{"line":19,"column":35},"end":{"line":19,"column":36}},"loc":{"start":{"line":19,"column":41},"end":{"line":33,"column":1}},"line":19},"3":{"name":"(anonymous_3)","decl":{"start":{"line":25,"column":32},"end":{"line":25,"column":33}},"loc":{"start":{"line":25,"column":38},"end":{"line":25,"column":49}},"line":25},"4":{"name":"(anonymous_4)","decl":{"start":{"line":28,"column":32},"end":{"line":28,"column":33}},"loc":{"start":{"line":28,"column":38},"end":{"line":28,"column":49}},"line":28}},"branchMap":{"0":{"loc":{"start":{"line":9,"column":28},"end":{"line":9,"column":64}},"type":"cond-expr","locations":[{"start":{"line":9,"column":45},"end":{"line":9,"column":54}},{"start":{"line":9,"column":57},"end":{"line":9,"column":64}}],"line":9},"1":{"loc":{"start":{"line":10,"column":23},"end":{"line":10,"column":59}},"type":"cond-expr","locations":[{"start":{"line":10,"column":40},"end":{"line":10,"column":47}},{"start":{"line":10,"column":50},"end":{"line":10,"column":59}}],"line":10}},"s":{"0":1,"1":14,"2":14,"3":1,"4":7,"5":7,"6":1,"7":1},"f":{"0":14,"1":14,"2":7,"3":1,"4":1},"b":{"0":[14,0],"1":[14,0]},"_coverageSchema":"1a1c01bbd47fc00a2c39e90264f33305004495a9","hash":"67ca7ca5f8b6da6f86b90aa5ce7ffd04a7ca9d74"}
,"/Users/denis/Dokumenty/Learning/2022/react/template/react-template/src/store/counter.tsx": {"path":"/Users/denis/Dokumenty/Learning/2022/react/template/react-template/src/store/counter.tsx","statementMap":{"0":{"start":{"line":4,"column":18},"end":{"line":4,"column":19}},"1":{"start":{"line":7,"column":4},"end":{"line":7,"column":29}},"2":{"start":{"line":10,"column":14},"end":{"line":12,"column":3}},"3":{"start":{"line":11,"column":4},"end":{"line":11,"column":20}},"4":{"start":{"line":14,"column":14},"end":{"line":16,"column":3}},"5":{"start":{"line":15,"column":4},"end":{"line":15,"column":20}}},"fnMap":{"0":{"name":"(anonymous_0)","decl":{"start":{"line":6,"column":2},"end":{"line":6,"column":3}},"loc":{"start":{"line":6,"column":16},"end":{"line":8,"column":3}},"line":6},"1":{"name":"(anonymous_1)","decl":{"start":{"line":10,"column":14},"end":{"line":10,"column":15}},"loc":{"start":{"line":10,"column":20},"end":{"line":12,"column":3}},"line":10},"2":{"name":"(anonymous_2)","decl":{"start":{"line":14,"column":14},"end":{"line":14,"column":15}},"loc":{"start":{"line":14,"column":20},"end":{"line":16,"column":3}},"line":14}},"branchMap":{},"s":{"0":1,"1":1,"2":1,"3":1,"4":1,"5":1},"f":{"0":1,"1":1,"2":1},"b":{},"_coverageSchema":"1a1c01bbd47fc00a2c39e90264f33305004495a9","hash":"55332f3c3e933518b424fa5a985f662963ca4c71"}
}
