TN:
SF:src/components/counter/Counter.tsx
FN:9,(anonymous_0)
FN:10,(anonymous_1)
FN:19,(anonymous_2)
FN:25,(anonymous_3)
FN:28,(anonymous_4)
FNF:5
FNH:5
FNDA:14,(anonymous_0)
FNDA:14,(anonymous_1)
FNDA:7,(anonymous_2)
FNDA:1,(anonymous_3)
FNDA:1,(anonymous_4)
DA:7,1
DA:9,14
DA:10,14
DA:19,1
DA:20,7
DA:22,7
DA:25,1
DA:28,1
LF:8
LH:8
BRDA:9,0,0,14
BRDA:9,0,1,0
BRDA:10,1,0,14
BRDA:10,1,1,0
BRF:4
BRH:2
end_of_record
TN:
SF:src/store/counter.tsx
FN:6,(anonymous_0)
FN:10,(anonymous_1)
FN:14,(anonymous_2)
FNF:3
FNH:3
FNDA:1,(anonymous_0)
FNDA:1,(anonymous_1)
FNDA:1,(anonymous_2)
DA:4,1
DA:7,1
DA:10,1
DA:11,1
DA:14,1
DA:15,1
LF:6
LH:6
BRF:0
BRH:0
end_of_record
